<?xml version="1.0" encoding="UTF-8"?>
<!-- Generated by org.testng.reporters.JUnitReportReporter -->
<testsuite hostname="sekhar" failures="1" tests="15" name="mcpdemo.tests.OrangehrmETE" time="442.467" errors="3" timestamp="2026-05-12T18:28:04 IST" skipped="0">
  <testcase classname="mcpdemo.tests.OrangehrmETE" name="testInvalidLogin" time="18.866">
    <system-out>
      <![CDATA[Starting test: Invalid Login
Navigating to OrangeHRM login page: https://opensource-demo.orangehrmlive.com/web/index.php/auth/login
Entering invalid credentials
<br><img src='file:///C:/Users/Anant/eclipse-workspace/mcpdemo/target/screenshots/loginWithInvalidCredentials_1778590265389.png' height='400' width='400'></img></br>
Verifying error message is displayed
Invalid login test passed successfully.]]>
    </system-out>
  </testcase> <!-- testInvalidLogin -->
  <testcase classname="mcpdemo.tests.OrangehrmETE" name="testInvalidLogin" time="19.214">
    <system-out>
      <![CDATA[Starting test: Invalid Login
Navigating to OrangeHRM login page: https://opensource-demo.orangehrmlive.com/web/index.php/auth/login
Entering invalid credentials
<br><img src='file:///C:/Users/Anant/eclipse-workspace/mcpdemo/target/screenshots/loginWithInvalidCredentials_1778590363506.png' height='400' width='400'></img></br>
Verifying error message is displayed
Invalid login test passed successfully.]]>
    </system-out>
  </testcase> <!-- testInvalidLogin -->
  <testcase classname="mcpdemo.tests.OrangehrmETE" name="testInvalidLogin" time="17.991">
    <system-out>
      <![CDATA[Starting test: Invalid Login
Navigating to OrangeHRM login page: https://opensource-demo.orangehrmlive.com/web/index.php/auth/login
Entering invalid credentials
<br><img src='file:///C:/Users/Anant/eclipse-workspace/mcpdemo/target/screenshots/loginWithInvalidCredentials_1778590483021.png' height='400' width='400'></img></br>
Verifying error message is displayed
Invalid login test passed successfully.]]>
    </system-out>
  </testcase> <!-- testInvalidLogin -->
  <testcase classname="mcpdemo.tests.OrangehrmETE" name="testValidLogin" time="19.720">
    <system-out>
      <![CDATA[Starting test: Valid Login
Navigating to OrangeHRM login page
Entering valid credentials
<br><img src='file:///C:/Users/Anant/eclipse-workspace/mcpdemo/target/screenshots/loginWithValidCredentials_1778590502296.png' height='400' width='400'></img></br>
Verifying redirection to dashboard
Verifying Dashboard heading is visible
Valid login test passed successfully.]]>
    </system-out>
  </testcase> <!-- testValidLogin -->
  <testcase classname="mcpdemo.tests.OrangehrmETE" name="testValidLogin" time="17.029">
    <system-out>
      <![CDATA[Starting test: Valid Login
Navigating to OrangeHRM login page
Entering valid credentials
<br><img src='file:///C:/Users/Anant/eclipse-workspace/mcpdemo/target/screenshots/loginWithValidCredentials_1778590282163.png' height='400' width='400'></img></br>
Verifying redirection to dashboard
Verifying Dashboard heading is visible
Valid login test passed successfully.]]>
    </system-out>
  </testcase> <!-- testValidLogin -->
  <testcase classname="mcpdemo.tests.OrangehrmETE" name="testValidLogin" time="18.458">
    <system-out>
      <![CDATA[Starting test: Valid Login
Navigating to OrangeHRM login page
Entering valid credentials
<br><img src='file:///C:/Users/Anant/eclipse-workspace/mcpdemo/target/screenshots/loginWithValidCredentials_1778590382149.png' height='400' width='400'></img></br>
Verifying redirection to dashboard
Verifying Dashboard heading is visible
Valid login test passed successfully.]]>
    </system-out>
  </testcase> <!-- testValidLogin -->
  <testcase classname="mcpdemo.tests.OrangehrmETE" name="testNavigateToAdmin" time="29.692">
    <system-out>
      <![CDATA[Starting test: Navigate to Admin
Logging in as Admin
<br><img src='file:///C:/Users/Anant/eclipse-workspace/mcpdemo/target/screenshots/loginWithValidCredentials_1778590520371.png' height='400' width='400'></img></br>
Clicking on Admin module from sidebar
<br><img src='file:///C:/Users/Anant/eclipse-workspace/mcpdemo/target/screenshots/navigateToAdmin_1778590532070.png' height='400' width='400'></img></br>
Verifying Admin page is fully loaded
Navigate to Admin test passed successfully.]]>
    </system-out>
  </testcase> <!-- testNavigateToAdmin -->
  <testcase classname="mcpdemo.tests.OrangehrmETE" name="testNavigateToAdmin" time="21.009">
    <system-out>
      <![CDATA[Starting test: Navigate to Admin
Logging in as Admin
<br><img src='file:///C:/Users/Anant/eclipse-workspace/mcpdemo/target/screenshots/loginWithValidCredentials_1778590399789.png' height='400' width='400'></img></br>
Clicking on Admin module from sidebar
<br><img src='file:///C:/Users/Anant/eclipse-workspace/mcpdemo/target/screenshots/navigateToAdmin_1778590401936.png' height='400' width='400'></img></br>
Verifying Admin page is fully loaded
Navigate to Admin test passed successfully.]]>
    </system-out>
  </testcase> <!-- testNavigateToAdmin -->
  <testcase classname="mcpdemo.tests.OrangehrmETE" name="testNavigateToAdmin" time="15.037">
    <system-out>
      <![CDATA[Starting test: Navigate to Admin
Logging in as Admin
<br><img src='file:///C:/Users/Anant/eclipse-workspace/mcpdemo/target/screenshots/loginWithValidCredentials_1778590296356.png' height='400' width='400'></img></br>
Clicking on Admin module from sidebar
<br><img src='file:///C:/Users/Anant/eclipse-workspace/mcpdemo/target/screenshots/navigateToAdmin_1778590298139.png' height='400' width='400'></img></br>
Verifying Admin page is fully loaded
Navigate to Admin test passed successfully.]]>
    </system-out>
  </testcase> <!-- testNavigateToAdmin -->
  <testcase classname="mcpdemo.tests.OrangehrmETE" name="testAddNewUser" time="31.753">
    <error message="Error {
  message=&#039;Error: strict mode violation: locator(&quot;.oxd-toast-content-text&quot;) resolved to 2 elements:
    1) &lt;p data-v-7b563373=&quot;&quot; data-v-35c8fe09=&quot;&quot; class=&quot;oxd…&gt;Success&lt;/p&gt; aka getByText(&quot;Success&quot;, new Page.GetByTextOptions().setExact(true))
    2) &lt;p data-v-7b563373=&quot;&quot; data-v-35c8fe09=&quot;&quot; class=&quot;oxd…&gt;Successfully Saved&lt;/p&gt; aka getByText(&quot;Successfully Saved&quot;)

  name=&#039;Error
  stack=&#039;Error: Error: strict mode violation: locator(&quot;.oxd-toast-content-text&quot;) resolved to 2 elements:
    1) &lt;p data-v-7b563373=&quot;&quot; data-v-35c8fe09=&quot;&quot; class=&quot;oxd…&gt;Success&lt;/p&gt; aka getByText(&quot;Success&quot;, new Page.GetByTextOptions().setExact(true))
    2) &lt;p data-v-7b563373=&quot;&quot; data-v-35c8fe09=&quot;&quot; class=&quot;oxd…&gt;Successfully Saved&lt;/p&gt; aka getByText(&quot;Successfully Saved&quot;)

    at CRExecutionContext.evaluateWithArguments (C:\Users\Anant\AppData\Local\Temp\playwright-java-11858820416556428511\package\lib\server\chromium\crExecutionContext.js:92:33)
    at async LongStandingScope._race (C:\Users\Anant\AppData\Local\Temp\playwright-java-11858820416556428511\package\lib\utils\manualPromise.js:96:14)
    at async evaluateExpression (C:\Users\Anant\AppData\Local\Temp\playwright-java-11858820416556428511\package\lib\server\javascript.js:241:12)
    at async C:\Users\Anant\AppData\Local\Temp\playwright-java-11858820416556428511\package\lib\server\frames.js:1409:13
    at async Frame.retryWithProgressAndTimeouts (C:\Users\Anant\AppData\Local\Temp\playwright-java-11858820416556428511\package\lib\server\frames.js:912:24)
    at async ProgressController.run (C:\Users\Anant\AppData\Local\Temp\playwright-java-11858820416556428511\package\lib\server\progress.js:91:22)
    at async FrameDispatcher.textContent (C:\Users\Anant\AppData\Local\Temp\playwright-java-11858820416556428511\package\lib\server\dispatchers\frameDispatcher.js:173:19)
    at async LongStandingScope._race (C:\Users\Anant\AppData\Local\Temp\playwright-java-11858820416556428511\package\lib\utils\manualPromise.js:96:14)
    at async FrameDispatcher._handleCommand (C:\Users\Anant\AppData\Local\Temp\playwright-java-11858820416556428511\package\lib\server\dispatchers\dispatcher.js:86:14)
    at async DispatcherConnection.dispatch (C:\Users\Anant\AppData\Local\Temp\playwright-java-11858820416556428511\package\lib\server\dispatchers\dispatcher.js:351:22)
}
Call log:
- waiting for locator(&quot;.oxd-toast-content-text&quot;)
" type="com.microsoft.playwright.PlaywrightException">
      <![CDATA[com.microsoft.playwright.PlaywrightException: Error {
  message='Error: strict mode violation: locator(".oxd-toast-content-text") resolved to 2 elements:
    1) <p data-v-7b563373="" data-v-35c8fe09="" class="oxd…>Success</p> aka getByText("Success", new Page.GetByTextOptions().setExact(true))
    2) <p data-v-7b563373="" data-v-35c8fe09="" class="oxd…>Successfully Saved</p> aka getByText("Successfully Saved")

  name='Error
  stack='Error: Error: strict mode violation: locator(".oxd-toast-content-text") resolved to 2 elements:
    1) <p data-v-7b563373="" data-v-35c8fe09="" class="oxd…>Success</p> aka getByText("Success", new Page.GetByTextOptions().setExact(true))
    2) <p data-v-7b563373="" data-v-35c8fe09="" class="oxd…>Successfully Saved</p> aka getByText("Successfully Saved")

    at CRExecutionContext.evaluateWithArguments (C:\Users\Anant\AppData\Local\Temp\playwright-java-11858820416556428511\package\lib\server\chromium\crExecutionContext.js:92:33)
    at async LongStandingScope._race (C:\Users\Anant\AppData\Local\Temp\playwright-java-11858820416556428511\package\lib\utils\manualPromise.js:96:14)
    at async evaluateExpression (C:\Users\Anant\AppData\Local\Temp\playwright-java-11858820416556428511\package\lib\server\javascript.js:241:12)
    at async C:\Users\Anant\AppData\Local\Temp\playwright-java-11858820416556428511\package\lib\server\frames.js:1409:13
    at async Frame.retryWithProgressAndTimeouts (C:\Users\Anant\AppData\Local\Temp\playwright-java-11858820416556428511\package\lib\server\frames.js:912:24)
    at async ProgressController.run (C:\Users\Anant\AppData\Local\Temp\playwright-java-11858820416556428511\package\lib\server\progress.js:91:22)
    at async FrameDispatcher.textContent (C:\Users\Anant\AppData\Local\Temp\playwright-java-11858820416556428511\package\lib\server\dispatchers\frameDispatcher.js:173:19)
    at async LongStandingScope._race (C:\Users\Anant\AppData\Local\Temp\playwright-java-11858820416556428511\package\lib\utils\manualPromise.js:96:14)
    at async FrameDispatcher._handleCommand (C:\Users\Anant\AppData\Local\Temp\playwright-java-11858820416556428511\package\lib\server\dispatchers\dispatcher.js:86:14)
    at async DispatcherConnection.dispatch (C:\Users\Anant\AppData\Local\Temp\playwright-java-11858820416556428511\package\lib\server\dispatchers\dispatcher.js:351:22)
}
Call log:
- waiting for locator(".oxd-toast-content-text")

at com.microsoft.playwright.impl.WaitableResult.get(WaitableResult.java:54)
at com.microsoft.playwright.impl.ChannelOwner.runUntil(ChannelOwner.java:120)
at com.microsoft.playwright.impl.Connection.sendMessage(Connection.java:129)
at com.microsoft.playwright.impl.ChannelOwner.sendMessage(ChannelOwner.java:106)
at com.microsoft.playwright.impl.FrameImpl.textContentImpl(FrameImpl.java:818)
at com.microsoft.playwright.impl.FrameImpl.lambda$textContent$38(FrameImpl.java:809)
at com.microsoft.playwright.impl.LoggingSupport.withLogging(LoggingSupport.java:47)
at com.microsoft.playwright.impl.ChannelOwner.withLogging(ChannelOwner.java:89)
at com.microsoft.playwright.impl.FrameImpl.textContent(FrameImpl.java:809)
at com.microsoft.playwright.impl.LocatorImpl.textContent(LocatorImpl.java:566)
at com.microsoft.playwright.Locator.textContent(Locator.java:5051)
at mcpdemo.pages.AdminPage.getSuccessNotification(AdminPage.java:100)
at mcpdemo.tests.OrangehrmETE.testAddNewUser(OrangehrmETE.java:133)
at java.base/jdk.internal.reflect.DirectMethodHandleAccessor.invoke(DirectMethodHandleAccessor.java:104)
at java.base/java.lang.reflect.Method.invoke(Method.java:565)
at org.testng.internal.invokers.MethodInvocationHelper.invokeMethod(MethodInvocationHelper.java:139)
at org.testng.internal.invokers.TestInvoker.invokeMethod(TestInvoker.java:664)
at org.testng.internal.invokers.TestInvoker.invokeTestMethod(TestInvoker.java:228)
at org.testng.internal.invokers.MethodRunner.runInSequence(MethodRunner.java:63)
at org.testng.internal.invokers.TestInvoker$MethodInvocationAgent.invoke(TestInvoker.java:961)
at org.testng.internal.invokers.TestInvoker.invokeTestMethods(TestInvoker.java:201)
at org.testng.internal.invokers.TestMethodWorker.invokeTestMethods(TestMethodWorker.java:148)
at org.testng.internal.invokers.TestMethodWorker.run(TestMethodWorker.java:128)
at java.base/java.util.concurrent.Executors$RunnableAdapter.call(Executors.java:545)
at java.base/java.util.concurrent.FutureTask.run(FutureTask.java:328)
at org.testng.internal.thread.graph.TestNGFutureTask.run(TestNGFutureTask.java:22)
at java.base/java.util.concurrent.ThreadPoolExecutor.runWorker(ThreadPoolExecutor.java:1090)
at java.base/java.util.concurrent.ThreadPoolExecutor$Worker.run(ThreadPoolExecutor.java:614)
at java.base/java.lang.Thread.run(Thread.java:1474)
Caused by: com.microsoft.playwright.impl.DriverException: Error {
  message='Error: strict mode violation: locator(".oxd-toast-content-text") resolved to 2 elements:
    1) <p data-v-7b563373="" data-v-35c8fe09="" class="oxd…>Success</p> aka getByText("Success", new Page.GetByTextOptions().setExact(true))
    2) <p data-v-7b563373="" data-v-35c8fe09="" class="oxd…>Successfully Saved</p> aka getByText("Successfully Saved")

  name='Error
  stack='Error: Error: strict mode violation: locator(".oxd-toast-content-text") resolved to 2 elements:
    1) <p data-v-7b563373="" data-v-35c8fe09="" class="oxd…>Success</p> aka getByText("Success", new Page.GetByTextOptions().setExact(true))
    2) <p data-v-7b563373="" data-v-35c8fe09="" class="oxd…>Successfully Saved</p> aka getByText("Successfully Saved")

    at CRExecutionContext.evaluateWithArguments (C:\Users\Anant\AppData\Local\Temp\playwright-java-11858820416556428511\package\lib\server\chromium\crExecutionContext.js:92:33)
    at async LongStandingScope._race (C:\Users\Anant\AppData\Local\Temp\playwright-java-11858820416556428511\package\lib\utils\manualPromise.js:96:14)
    at async evaluateExpression (C:\Users\Anant\AppData\Local\Temp\playwright-java-11858820416556428511\package\lib\server\javascript.js:241:12)
    at async C:\Users\Anant\AppData\Local\Temp\playwright-java-11858820416556428511\package\lib\server\frames.js:1409:13
    at async Frame.retryWithProgressAndTimeouts (C:\Users\Anant\AppData\Local\Temp\playwright-java-11858820416556428511\package\lib\server\frames.js:912:24)
    at async ProgressController.run (C:\Users\Anant\AppData\Local\Temp\playwright-java-11858820416556428511\package\lib\server\progress.js:91:22)
    at async FrameDispatcher.textContent (C:\Users\Anant\AppData\Local\Temp\playwright-java-11858820416556428511\package\lib\server\dispatchers\frameDispatcher.js:173:19)
    at async LongStandingScope._race (C:\Users\Anant\AppData\Local\Temp\playwright-java-11858820416556428511\package\lib\utils\manualPromise.js:96:14)
    at async FrameDispatcher._handleCommand (C:\Users\Anant\AppData\Local\Temp\playwright-java-11858820416556428511\package\lib\server\dispatchers\dispatcher.js:86:14)
    at async DispatcherConnection.dispatch (C:\Users\Anant\AppData\Local\Temp\playwright-java-11858820416556428511\package\lib\server\dispatchers\dispatcher.js:351:22)
}
Call log:
- waiting for locator(".oxd-toast-content-text")

at com.microsoft.playwright.impl.Connection.dispatch(Connection.java:257)
at com.microsoft.playwright.impl.Connection.processOneMessage(Connection.java:209)
at com.microsoft.playwright.impl.ChannelOwner.runUntil(ChannelOwner.java:118)
... 27 more
]]>
    </error>
    <system-out>
      <![CDATA[Starting test: Add New User
Logging in as Admin
<br><img src='file:///C:/Users/Anant/eclipse-workspace/mcpdemo/target/screenshots/loginWithValidCredentials_1778590313108.png' height='400' width='400'></img></br>
Navigating to Admin module
<br><img src='file:///C:/Users/Anant/eclipse-workspace/mcpdemo/target/screenshots/navigateToAdmin_1778590316782.png' height='400' width='400'></img></br>
Clicking Add button
Adding a new user with generated unique username: Johner1778590322586
Verifying 'Successfully Saved' toast notification]]>
    </system-out>
  </testcase> <!-- testAddNewUser -->
  <testcase classname="mcpdemo.tests.OrangehrmETE" name="testAddNewUser" time="68.669">
    <failure message="Success notification should be displayed expected [true] but found [false]" type="java.lang.AssertionError">
      <![CDATA[java.lang.AssertionError: Success notification should be displayed expected [true] but found [false]
at org.testng.Assert.fail(Assert.java:111)
at org.testng.Assert.failNotEquals(Assert.java:1578)
at org.testng.Assert.assertTrue(Assert.java:57)
at mcpdemo.tests.OrangehrmETE.testAddNewUser(OrangehrmETE.java:132)
at java.base/jdk.internal.reflect.DirectMethodHandleAccessor.invoke(DirectMethodHandleAccessor.java:104)
at java.base/java.lang.reflect.Method.invoke(Method.java:565)
at org.testng.internal.invokers.MethodInvocationHelper.invokeMethod(MethodInvocationHelper.java:139)
at org.testng.internal.invokers.TestInvoker.invokeMethod(TestInvoker.java:664)
at org.testng.internal.invokers.TestInvoker.invokeTestMethod(TestInvoker.java:228)
at org.testng.internal.invokers.MethodRunner.runInSequence(MethodRunner.java:63)
at org.testng.internal.invokers.TestInvoker$MethodInvocationAgent.invoke(TestInvoker.java:961)
at org.testng.internal.invokers.TestInvoker.invokeTestMethods(TestInvoker.java:201)
at org.testng.internal.invokers.TestMethodWorker.invokeTestMethods(TestMethodWorker.java:148)
at org.testng.internal.invokers.TestMethodWorker.run(TestMethodWorker.java:128)
at java.base/java.util.concurrent.Executors$RunnableAdapter.call(Executors.java:545)
at java.base/java.util.concurrent.FutureTask.run(FutureTask.java:328)
at org.testng.internal.thread.graph.TestNGFutureTask.run(TestNGFutureTask.java:22)
at java.base/java.util.concurrent.ThreadPoolExecutor.runWorker(ThreadPoolExecutor.java:1090)
at java.base/java.util.concurrent.ThreadPoolExecutor$Worker.run(ThreadPoolExecutor.java:614)
at java.base/java.lang.Thread.run(Thread.java:1474)
]]>
    </failure>
    <system-out>
      <![CDATA[Starting test: Add New User
Logging in as Admin
<br><img src='file:///C:/Users/Anant/eclipse-workspace/mcpdemo/target/screenshots/loginWithValidCredentials_1778590558510.png' height='400' width='400'></img></br>
Navigating to Admin module
<br><img src='file:///C:/Users/Anant/eclipse-workspace/mcpdemo/target/screenshots/navigateToAdmin_1778590564429.png' height='400' width='400'></img></br>
Clicking Add button
Adding a new user with generated unique username: Johner1778590571210
Verifying 'Successfully Saved' toast notification
<br><img src='file:///C:/Users/Anant/eclipse-workspace/mcpdemo/target/screenshots/toast_not_found_1778590601490.png' height='400' width='400'></img></br>]]>
    </system-out>
  </testcase> <!-- testAddNewUser -->
  <testcase classname="mcpdemo.tests.OrangehrmETE" name="testAddNewUser" time="36.331">
    <error message="Error {
  message=&#039;Error: strict mode violation: locator(&quot;.oxd-toast-content-text&quot;) resolved to 2 elements:
    1) &lt;p data-v-7b563373=&quot;&quot; data-v-35c8fe09=&quot;&quot; class=&quot;oxd…&gt;Success&lt;/p&gt; aka getByText(&quot;Success&quot;, new Page.GetByTextOptions().setExact(true))
    2) &lt;p data-v-7b563373=&quot;&quot; data-v-35c8fe09=&quot;&quot; class=&quot;oxd…&gt;Successfully Saved&lt;/p&gt; aka getByText(&quot;Successfully Saved&quot;)

  name=&#039;Error
  stack=&#039;Error: Error: strict mode violation: locator(&quot;.oxd-toast-content-text&quot;) resolved to 2 elements:
    1) &lt;p data-v-7b563373=&quot;&quot; data-v-35c8fe09=&quot;&quot; class=&quot;oxd…&gt;Success&lt;/p&gt; aka getByText(&quot;Success&quot;, new Page.GetByTextOptions().setExact(true))
    2) &lt;p data-v-7b563373=&quot;&quot; data-v-35c8fe09=&quot;&quot; class=&quot;oxd…&gt;Successfully Saved&lt;/p&gt; aka getByText(&quot;Successfully Saved&quot;)

    at checkException (C:\Users\Anant\AppData\Local\Temp\playwright-java-11858820416556428511\package\lib\server\firefox\ffExecutionContext.js:111:121)
    at FFExecutionContext.evaluateWithArguments (C:\Users\Anant\AppData\Local\Temp\playwright-java-11858820416556428511\package\lib\server\firefox\ffExecutionContext.js:82:5)
    at async LongStandingScope._race (C:\Users\Anant\AppData\Local\Temp\playwright-java-11858820416556428511\package\lib\utils\manualPromise.js:96:14)
    at async evaluateExpression (C:\Users\Anant\AppData\Local\Temp\playwright-java-11858820416556428511\package\lib\server\javascript.js:241:12)
    at async C:\Users\Anant\AppData\Local\Temp\playwright-java-11858820416556428511\package\lib\server\frames.js:1409:13
    at async Frame.retryWithProgressAndTimeouts (C:\Users\Anant\AppData\Local\Temp\playwright-java-11858820416556428511\package\lib\server\frames.js:912:24)
    at async ProgressController.run (C:\Users\Anant\AppData\Local\Temp\playwright-java-11858820416556428511\package\lib\server\progress.js:91:22)
    at async FrameDispatcher.textContent (C:\Users\Anant\AppData\Local\Temp\playwright-java-11858820416556428511\package\lib\server\dispatchers\frameDispatcher.js:173:19)
    at async LongStandingScope._race (C:\Users\Anant\AppData\Local\Temp\playwright-java-11858820416556428511\package\lib\utils\manualPromise.js:96:14)
    at async FrameDispatcher._handleCommand (C:\Users\Anant\AppData\Local\Temp\playwright-java-11858820416556428511\package\lib\server\dispatchers\dispatcher.js:86:14)
}
Call log:
- waiting for locator(&quot;.oxd-toast-content-text&quot;)
" type="com.microsoft.playwright.PlaywrightException">
      <![CDATA[com.microsoft.playwright.PlaywrightException: Error {
  message='Error: strict mode violation: locator(".oxd-toast-content-text") resolved to 2 elements:
    1) <p data-v-7b563373="" data-v-35c8fe09="" class="oxd…>Success</p> aka getByText("Success", new Page.GetByTextOptions().setExact(true))
    2) <p data-v-7b563373="" data-v-35c8fe09="" class="oxd…>Successfully Saved</p> aka getByText("Successfully Saved")

  name='Error
  stack='Error: Error: strict mode violation: locator(".oxd-toast-content-text") resolved to 2 elements:
    1) <p data-v-7b563373="" data-v-35c8fe09="" class="oxd…>Success</p> aka getByText("Success", new Page.GetByTextOptions().setExact(true))
    2) <p data-v-7b563373="" data-v-35c8fe09="" class="oxd…>Successfully Saved</p> aka getByText("Successfully Saved")

    at checkException (C:\Users\Anant\AppData\Local\Temp\playwright-java-11858820416556428511\package\lib\server\firefox\ffExecutionContext.js:111:121)
    at FFExecutionContext.evaluateWithArguments (C:\Users\Anant\AppData\Local\Temp\playwright-java-11858820416556428511\package\lib\server\firefox\ffExecutionContext.js:82:5)
    at async LongStandingScope._race (C:\Users\Anant\AppData\Local\Temp\playwright-java-11858820416556428511\package\lib\utils\manualPromise.js:96:14)
    at async evaluateExpression (C:\Users\Anant\AppData\Local\Temp\playwright-java-11858820416556428511\package\lib\server\javascript.js:241:12)
    at async C:\Users\Anant\AppData\Local\Temp\playwright-java-11858820416556428511\package\lib\server\frames.js:1409:13
    at async Frame.retryWithProgressAndTimeouts (C:\Users\Anant\AppData\Local\Temp\playwright-java-11858820416556428511\package\lib\server\frames.js:912:24)
    at async ProgressController.run (C:\Users\Anant\AppData\Local\Temp\playwright-java-11858820416556428511\package\lib\server\progress.js:91:22)
    at async FrameDispatcher.textContent (C:\Users\Anant\AppData\Local\Temp\playwright-java-11858820416556428511\package\lib\server\dispatchers\frameDispatcher.js:173:19)
    at async LongStandingScope._race (C:\Users\Anant\AppData\Local\Temp\playwright-java-11858820416556428511\package\lib\utils\manualPromise.js:96:14)
    at async FrameDispatcher._handleCommand (C:\Users\Anant\AppData\Local\Temp\playwright-java-11858820416556428511\package\lib\server\dispatchers\dispatcher.js:86:14)
}
Call log:
- waiting for locator(".oxd-toast-content-text")

at com.microsoft.playwright.impl.WaitableResult.get(WaitableResult.java:54)
at com.microsoft.playwright.impl.ChannelOwner.runUntil(ChannelOwner.java:120)
at com.microsoft.playwright.impl.Connection.sendMessage(Connection.java:129)
at com.microsoft.playwright.impl.ChannelOwner.sendMessage(ChannelOwner.java:106)
at com.microsoft.playwright.impl.FrameImpl.textContentImpl(FrameImpl.java:818)
at com.microsoft.playwright.impl.FrameImpl.lambda$textContent$38(FrameImpl.java:809)
at com.microsoft.playwright.impl.LoggingSupport.withLogging(LoggingSupport.java:47)
at com.microsoft.playwright.impl.ChannelOwner.withLogging(ChannelOwner.java:89)
at com.microsoft.playwright.impl.FrameImpl.textContent(FrameImpl.java:809)
at com.microsoft.playwright.impl.LocatorImpl.textContent(LocatorImpl.java:566)
at com.microsoft.playwright.Locator.textContent(Locator.java:5051)
at mcpdemo.pages.AdminPage.getSuccessNotification(AdminPage.java:100)
at mcpdemo.tests.OrangehrmETE.testAddNewUser(OrangehrmETE.java:133)
at java.base/jdk.internal.reflect.DirectMethodHandleAccessor.invoke(DirectMethodHandleAccessor.java:104)
at java.base/java.lang.reflect.Method.invoke(Method.java:565)
at org.testng.internal.invokers.MethodInvocationHelper.invokeMethod(MethodInvocationHelper.java:139)
at org.testng.internal.invokers.TestInvoker.invokeMethod(TestInvoker.java:664)
at org.testng.internal.invokers.TestInvoker.invokeTestMethod(TestInvoker.java:228)
at org.testng.internal.invokers.MethodRunner.runInSequence(MethodRunner.java:63)
at org.testng.internal.invokers.TestInvoker$MethodInvocationAgent.invoke(TestInvoker.java:961)
at org.testng.internal.invokers.TestInvoker.invokeTestMethods(TestInvoker.java:201)
at org.testng.internal.invokers.TestMethodWorker.invokeTestMethods(TestMethodWorker.java:148)
at org.testng.internal.invokers.TestMethodWorker.run(TestMethodWorker.java:128)
at java.base/java.util.concurrent.Executors$RunnableAdapter.call(Executors.java:545)
at java.base/java.util.concurrent.FutureTask.run(FutureTask.java:328)
at org.testng.internal.thread.graph.TestNGFutureTask.run(TestNGFutureTask.java:22)
at java.base/java.util.concurrent.ThreadPoolExecutor.runWorker(ThreadPoolExecutor.java:1090)
at java.base/java.util.concurrent.ThreadPoolExecutor$Worker.run(ThreadPoolExecutor.java:614)
at java.base/java.lang.Thread.run(Thread.java:1474)
Caused by: com.microsoft.playwright.impl.DriverException: Error {
  message='Error: strict mode violation: locator(".oxd-toast-content-text") resolved to 2 elements:
    1) <p data-v-7b563373="" data-v-35c8fe09="" class="oxd…>Success</p> aka getByText("Success", new Page.GetByTextOptions().setExact(true))
    2) <p data-v-7b563373="" data-v-35c8fe09="" class="oxd…>Successfully Saved</p> aka getByText("Successfully Saved")

  name='Error
  stack='Error: Error: strict mode violation: locator(".oxd-toast-content-text") resolved to 2 elements:
    1) <p data-v-7b563373="" data-v-35c8fe09="" class="oxd…>Success</p> aka getByText("Success", new Page.GetByTextOptions().setExact(true))
    2) <p data-v-7b563373="" data-v-35c8fe09="" class="oxd…>Successfully Saved</p> aka getByText("Successfully Saved")

    at checkException (C:\Users\Anant\AppData\Local\Temp\playwright-java-11858820416556428511\package\lib\server\firefox\ffExecutionContext.js:111:121)
    at FFExecutionContext.evaluateWithArguments (C:\Users\Anant\AppData\Local\Temp\playwright-java-11858820416556428511\package\lib\server\firefox\ffExecutionContext.js:82:5)
    at async LongStandingScope._race (C:\Users\Anant\AppData\Local\Temp\playwright-java-11858820416556428511\package\lib\utils\manualPromise.js:96:14)
    at async evaluateExpression (C:\Users\Anant\AppData\Local\Temp\playwright-java-11858820416556428511\package\lib\server\javascript.js:241:12)
    at async C:\Users\Anant\AppData\Local\Temp\playwright-java-11858820416556428511\package\lib\server\frames.js:1409:13
    at async Frame.retryWithProgressAndTimeouts (C:\Users\Anant\AppData\Local\Temp\playwright-java-11858820416556428511\package\lib\server\frames.js:912:24)
    at async ProgressController.run (C:\Users\Anant\AppData\Local\Temp\playwright-java-11858820416556428511\package\lib\server\progress.js:91:22)
    at async FrameDispatcher.textContent (C:\Users\Anant\AppData\Local\Temp\playwright-java-11858820416556428511\package\lib\server\dispatchers\frameDispatcher.js:173:19)
    at async LongStandingScope._race (C:\Users\Anant\AppData\Local\Temp\playwright-java-11858820416556428511\package\lib\utils\manualPromise.js:96:14)
    at async FrameDispatcher._handleCommand (C:\Users\Anant\AppData\Local\Temp\playwright-java-11858820416556428511\package\lib\server\dispatchers\dispatcher.js:86:14)
}
Call log:
- waiting for locator(".oxd-toast-content-text")

at com.microsoft.playwright.impl.Connection.dispatch(Connection.java:257)
at com.microsoft.playwright.impl.Connection.processOneMessage(Connection.java:209)
at com.microsoft.playwright.impl.ChannelOwner.runUntil(ChannelOwner.java:118)
... 27 more
]]>
    </error>
    <system-out>
      <![CDATA[Starting test: Add New User
Logging in as Admin
<br><img src='file:///C:/Users/Anant/eclipse-workspace/mcpdemo/target/screenshots/loginWithValidCredentials_1778590420771.png' height='400' width='400'></img></br>
Navigating to Admin module
<br><img src='file:///C:/Users/Anant/eclipse-workspace/mcpdemo/target/screenshots/navigateToAdmin_1778590423277.png' height='400' width='400'></img></br>
Clicking Add button
Adding a new user with generated unique username: Johner1778590428378
Verifying 'Successfully Saved' toast notification]]>
    </system-out>
  </testcase> <!-- testAddNewUser -->
  <testcase classname="mcpdemo.tests.OrangehrmETE" name="testLogout" time="23.714">
    <system-out>
      <![CDATA[Starting test: Logout
Logging in as Admin
<br><img src='file:///C:/Users/Anant/eclipse-workspace/mcpdemo/target/screenshots/loginWithValidCredentials_1778590458686.png' height='400' width='400'></img></br>
Clicking on logout button
<br><img src='file:///C:/Users/Anant/eclipse-workspace/mcpdemo/target/screenshots/logout_1778590463265.png' height='400' width='400'></img></br>
Verifying redirection back to login page
Logout test passed successfully.]]>
    </system-out>
  </testcase> <!-- testLogout -->
  <testcase classname="mcpdemo.tests.OrangehrmETE" name="testLogout" time="82.379">
    <error message="Error {
  message=&#039;Timeout 30000ms exceeded.
  name=&#039;TimeoutError
  stack=&#039;TimeoutError: Timeout 30000ms exceeded.
    at ProgressController.run (C:\Users\Anant\AppData\Local\Temp\playwright-java-11858820416556428511\package\lib\server\progress.js:87:26)
    at Frame.click (C:\Users\Anant\AppData\Local\Temp\playwright-java-11858820416556428511\package\lib\server\frames.js:995:23)
    at FrameDispatcher.click (C:\Users\Anant\AppData\Local\Temp\playwright-java-11858820416556428511\package\lib\server\dispatchers\frameDispatcher.js:152:30)
    at FrameDispatcher._handleCommand (C:\Users\Anant\AppData\Local\Temp\playwright-java-11858820416556428511\package\lib\server\dispatchers\dispatcher.js:84:40)
    at DispatcherConnection.dispatch (C:\Users\Anant\AppData\Local\Temp\playwright-java-11858820416556428511\package\lib\server\dispatchers\dispatcher.js:351:39)
}
Call log:
- waiting for locator(&quot;a[href*=&#039;logout&#039;]&quot;)
-   locator resolved to &lt;a role=&quot;menuitem&quot; class=&quot;oxd-userdropdown-link&quot; hr…&gt;Logout&lt;/a&gt;
- attempting click action
-   waiting for element to be visible, enabled and stable
-     element is not stable - waiting...
-   element is visible, enabled and stable
-   scrolling into view if needed
-   done scrolling
-   performing click action
-   click action done
-   waiting for scheduled navigations to finish
" type="com.microsoft.playwright.TimeoutError">
      <![CDATA[com.microsoft.playwright.TimeoutError: Error {
  message='Timeout 30000ms exceeded.
  name='TimeoutError
  stack='TimeoutError: Timeout 30000ms exceeded.
    at ProgressController.run (C:\Users\Anant\AppData\Local\Temp\playwright-java-11858820416556428511\package\lib\server\progress.js:87:26)
    at Frame.click (C:\Users\Anant\AppData\Local\Temp\playwright-java-11858820416556428511\package\lib\server\frames.js:995:23)
    at FrameDispatcher.click (C:\Users\Anant\AppData\Local\Temp\playwright-java-11858820416556428511\package\lib\server\dispatchers\frameDispatcher.js:152:30)
    at FrameDispatcher._handleCommand (C:\Users\Anant\AppData\Local\Temp\playwright-java-11858820416556428511\package\lib\server\dispatchers\dispatcher.js:84:40)
    at DispatcherConnection.dispatch (C:\Users\Anant\AppData\Local\Temp\playwright-java-11858820416556428511\package\lib\server\dispatchers\dispatcher.js:351:39)
}
Call log:
- waiting for locator("a[href*='logout']")
-   locator resolved to <a role="menuitem" class="oxd-userdropdown-link" hr…>Logout</a>
- attempting click action
-   waiting for element to be visible, enabled and stable
-     element is not stable - waiting...
-   element is visible, enabled and stable
-   scrolling into view if needed
-   done scrolling
-   performing click action
-   click action done
-   waiting for scheduled navigations to finish

at com.microsoft.playwright.impl.WaitableResult.get(WaitableResult.java:52)
at com.microsoft.playwright.impl.ChannelOwner.runUntil(ChannelOwner.java:120)
at com.microsoft.playwright.impl.Connection.sendMessage(Connection.java:129)
at com.microsoft.playwright.impl.ChannelOwner.sendMessage(ChannelOwner.java:106)
at com.microsoft.playwright.impl.FrameImpl.clickImpl(FrameImpl.java:252)
at com.microsoft.playwright.impl.FrameImpl.lambda$click$8(FrameImpl.java:243)
at com.microsoft.playwright.impl.LoggingSupport.lambda$withLogging$0(LoggingSupport.java:36)
at com.microsoft.playwright.impl.LoggingSupport.withLogging(LoggingSupport.java:47)
at com.microsoft.playwright.impl.ChannelOwner.withLogging(ChannelOwner.java:89)
at com.microsoft.playwright.impl.LoggingSupport.withLogging(LoggingSupport.java:35)
at com.microsoft.playwright.impl.FrameImpl.click(FrameImpl.java:243)
at com.microsoft.playwright.impl.LocatorImpl.click(LocatorImpl.java:140)
at com.microsoft.playwright.Locator.click(Locator.java:2348)
at mcpdemo.pages.DashboardPage.clickLogout(DashboardPage.java:49)
at mcpdemo.pages.DashboardPage.logout(DashboardPage.java:60)
at mcpdemo.tests.OrangehrmETE.testLogout(OrangehrmETE.java:146)
at java.base/jdk.internal.reflect.DirectMethodHandleAccessor.invoke(DirectMethodHandleAccessor.java:104)
at java.base/java.lang.reflect.Method.invoke(Method.java:565)
at org.testng.internal.invokers.MethodInvocationHelper.invokeMethod(MethodInvocationHelper.java:139)
at org.testng.internal.invokers.TestInvoker.invokeMethod(TestInvoker.java:664)
at org.testng.internal.invokers.TestInvoker.invokeTestMethod(TestInvoker.java:228)
at org.testng.internal.invokers.MethodRunner.runInSequence(MethodRunner.java:63)
at org.testng.internal.invokers.TestInvoker$MethodInvocationAgent.invoke(TestInvoker.java:961)
at org.testng.internal.invokers.TestInvoker.invokeTestMethods(TestInvoker.java:201)
at org.testng.internal.invokers.TestMethodWorker.invokeTestMethods(TestMethodWorker.java:148)
at org.testng.internal.invokers.TestMethodWorker.run(TestMethodWorker.java:128)
at java.base/java.util.concurrent.Executors$RunnableAdapter.call(Executors.java:545)
at java.base/java.util.concurrent.FutureTask.run(FutureTask.java:328)
at org.testng.internal.thread.graph.TestNGFutureTask.run(TestNGFutureTask.java:22)
at java.base/java.util.concurrent.ThreadPoolExecutor.runWorker(ThreadPoolExecutor.java:1090)
at java.base/java.util.concurrent.ThreadPoolExecutor$Worker.run(ThreadPoolExecutor.java:614)
at java.base/java.lang.Thread.run(Thread.java:1474)
Caused by: com.microsoft.playwright.TimeoutError: Error {
  message='Timeout 30000ms exceeded.
  name='TimeoutError
  stack='TimeoutError: Timeout 30000ms exceeded.
    at ProgressController.run (C:\Users\Anant\AppData\Local\Temp\playwright-java-11858820416556428511\package\lib\server\progress.js:87:26)
    at Frame.click (C:\Users\Anant\AppData\Local\Temp\playwright-java-11858820416556428511\package\lib\server\frames.js:995:23)
    at FrameDispatcher.click (C:\Users\Anant\AppData\Local\Temp\playwright-java-11858820416556428511\package\lib\server\dispatchers\frameDispatcher.js:152:30)
    at FrameDispatcher._handleCommand (C:\Users\Anant\AppData\Local\Temp\playwright-java-11858820416556428511\package\lib\server\dispatchers\dispatcher.js:84:40)
    at DispatcherConnection.dispatch (C:\Users\Anant\AppData\Local\Temp\playwright-java-11858820416556428511\package\lib\server\dispatchers\dispatcher.js:351:39)
}
Call log:
- waiting for locator("a[href*='logout']")
-   locator resolved to <a role="menuitem" class="oxd-userdropdown-link" hr…>Logout</a>
- attempting click action
-   waiting for element to be visible, enabled and stable
-     element is not stable - waiting...
-   element is visible, enabled and stable
-   scrolling into view if needed
-   done scrolling
-   performing click action
-   click action done
-   waiting for scheduled navigations to finish

at com.microsoft.playwright.impl.Connection.dispatch(Connection.java:252)
at com.microsoft.playwright.impl.Connection.processOneMessage(Connection.java:209)
at com.microsoft.playwright.impl.ChannelOwner.runUntil(ChannelOwner.java:118)
... 30 more
]]>
    </error>
    <system-out>
      <![CDATA[Starting test: Logout
Logging in as Admin
<br><img src='file:///C:/Users/Anant/eclipse-workspace/mcpdemo/target/screenshots/loginWithValidCredentials_1778590646382.png' height='400' width='400'></img></br>
Clicking on logout button]]>
    </system-out>
  </testcase> <!-- testLogout -->
  <testcase classname="mcpdemo.tests.OrangehrmETE" name="testLogout" time="22.605">
    <system-out>
      <![CDATA[Starting test: Logout
Logging in as Admin
<br><img src='file:///C:/Users/Anant/eclipse-workspace/mcpdemo/target/screenshots/loginWithValidCredentials_1778590344541.png' height='400' width='400'></img></br>
Clicking on logout button
<br><img src='file:///C:/Users/Anant/eclipse-workspace/mcpdemo/target/screenshots/logout_1778590346468.png' height='400' width='400'></img></br>
Verifying redirection back to login page
Logout test passed successfully.]]>
    </system-out>
  </testcase> <!-- testLogout -->
  <system-out>
    <![CDATA[Starting test: Invalid Login
Navigating to OrangeHRM login page: https://opensource-demo.orangehrmlive.com/web/index.php/auth/login
Entering invalid credentials
<br><img src='file:///C:/Users/Anant/eclipse-workspace/mcpdemo/target/screenshots/loginWithInvalidCredentials_1778590265389.png' height='400' width='400'></img></br>
Verifying error message is displayed
Invalid login test passed successfully.
Starting test: Valid Login
Navigating to OrangeHRM login page
Entering valid credentials
<br><img src='file:///C:/Users/Anant/eclipse-workspace/mcpdemo/target/screenshots/loginWithValidCredentials_1778590282163.png' height='400' width='400'></img></br>
Verifying redirection to dashboard
Verifying Dashboard heading is visible
Valid login test passed successfully.
Starting test: Navigate to Admin
Logging in as Admin
<br><img src='file:///C:/Users/Anant/eclipse-workspace/mcpdemo/target/screenshots/loginWithValidCredentials_1778590296356.png' height='400' width='400'></img></br>
Clicking on Admin module from sidebar
<br><img src='file:///C:/Users/Anant/eclipse-workspace/mcpdemo/target/screenshots/navigateToAdmin_1778590298139.png' height='400' width='400'></img></br>
Verifying Admin page is fully loaded
Navigate to Admin test passed successfully.
Starting test: Add New User
Logging in as Admin
<br><img src='file:///C:/Users/Anant/eclipse-workspace/mcpdemo/target/screenshots/loginWithValidCredentials_1778590313108.png' height='400' width='400'></img></br>
Navigating to Admin module
<br><img src='file:///C:/Users/Anant/eclipse-workspace/mcpdemo/target/screenshots/navigateToAdmin_1778590316782.png' height='400' width='400'></img></br>
Clicking Add button
Adding a new user with generated unique username: Johner1778590322586
Verifying 'Successfully Saved' toast notification
Starting test: Logout
Logging in as Admin
<br><img src='file:///C:/Users/Anant/eclipse-workspace/mcpdemo/target/screenshots/loginWithValidCredentials_1778590344541.png' height='400' width='400'></img></br>
Clicking on logout button
<br><img src='file:///C:/Users/Anant/eclipse-workspace/mcpdemo/target/screenshots/logout_1778590346468.png' height='400' width='400'></img></br>
Verifying redirection back to login page
Logout test passed successfully.
Starting test: Invalid Login
Navigating to OrangeHRM login page: https://opensource-demo.orangehrmlive.com/web/index.php/auth/login
Entering invalid credentials
<br><img src='file:///C:/Users/Anant/eclipse-workspace/mcpdemo/target/screenshots/loginWithInvalidCredentials_1778590363506.png' height='400' width='400'></img></br>
Verifying error message is displayed
Invalid login test passed successfully.
Starting test: Valid Login
Navigating to OrangeHRM login page
Entering valid credentials
<br><img src='file:///C:/Users/Anant/eclipse-workspace/mcpdemo/target/screenshots/loginWithValidCredentials_1778590382149.png' height='400' width='400'></img></br>
Verifying redirection to dashboard
Verifying Dashboard heading is visible
Valid login test passed successfully.
Starting test: Navigate to Admin
Logging in as Admin
<br><img src='file:///C:/Users/Anant/eclipse-workspace/mcpdemo/target/screenshots/loginWithValidCredentials_1778590399789.png' height='400' width='400'></img></br>
Clicking on Admin module from sidebar
<br><img src='file:///C:/Users/Anant/eclipse-workspace/mcpdemo/target/screenshots/navigateToAdmin_1778590401936.png' height='400' width='400'></img></br>
Verifying Admin page is fully loaded
Navigate to Admin test passed successfully.
Starting test: Add New User
Logging in as Admin
<br><img src='file:///C:/Users/Anant/eclipse-workspace/mcpdemo/target/screenshots/loginWithValidCredentials_1778590420771.png' height='400' width='400'></img></br>
Navigating to Admin module
<br><img src='file:///C:/Users/Anant/eclipse-workspace/mcpdemo/target/screenshots/navigateToAdmin_1778590423277.png' height='400' width='400'></img></br>
Clicking Add button
Adding a new user with generated unique username: Johner1778590428378
Verifying 'Successfully Saved' toast notification
Starting test: Logout
Logging in as Admin
<br><img src='file:///C:/Users/Anant/eclipse-workspace/mcpdemo/target/screenshots/loginWithValidCredentials_1778590458686.png' height='400' width='400'></img></br>
Clicking on logout button
<br><img src='file:///C:/Users/Anant/eclipse-workspace/mcpdemo/target/screenshots/logout_1778590463265.png' height='400' width='400'></img></br>
Verifying redirection back to login page
Logout test passed successfully.
Starting test: Invalid Login
Navigating to OrangeHRM login page: https://opensource-demo.orangehrmlive.com/web/index.php/auth/login
Entering invalid credentials
<br><img src='file:///C:/Users/Anant/eclipse-workspace/mcpdemo/target/screenshots/loginWithInvalidCredentials_1778590483021.png' height='400' width='400'></img></br>
Verifying error message is displayed
Invalid login test passed successfully.
Starting test: Valid Login
Navigating to OrangeHRM login page
Entering valid credentials
<br><img src='file:///C:/Users/Anant/eclipse-workspace/mcpdemo/target/screenshots/loginWithValidCredentials_1778590502296.png' height='400' width='400'></img></br>
Verifying redirection to dashboard
Verifying Dashboard heading is visible
Valid login test passed successfully.
Starting test: Navigate to Admin
Logging in as Admin
<br><img src='file:///C:/Users/Anant/eclipse-workspace/mcpdemo/target/screenshots/loginWithValidCredentials_1778590520371.png' height='400' width='400'></img></br>
Clicking on Admin module from sidebar
<br><img src='file:///C:/Users/Anant/eclipse-workspace/mcpdemo/target/screenshots/navigateToAdmin_1778590532070.png' height='400' width='400'></img></br>
Verifying Admin page is fully loaded
Navigate to Admin test passed successfully.
Starting test: Add New User
Logging in as Admin
<br><img src='file:///C:/Users/Anant/eclipse-workspace/mcpdemo/target/screenshots/loginWithValidCredentials_1778590558510.png' height='400' width='400'></img></br>
Navigating to Admin module
<br><img src='file:///C:/Users/Anant/eclipse-workspace/mcpdemo/target/screenshots/navigateToAdmin_1778590564429.png' height='400' width='400'></img></br>
Clicking Add button
Adding a new user with generated unique username: Johner1778590571210
Verifying 'Successfully Saved' toast notification
<br><img src='file:///C:/Users/Anant/eclipse-workspace/mcpdemo/target/screenshots/toast_not_found_1778590601490.png' height='400' width='400'></img></br>
Starting test: Logout
Logging in as Admin
<br><img src='file:///C:/Users/Anant/eclipse-workspace/mcpdemo/target/screenshots/loginWithValidCredentials_1778590646382.png' height='400' width='400'></img></br>
Clicking on logout button]]>
  </system-out>
</testsuite> <!-- mcpdemo.tests.OrangehrmETE -->
