<?xml version="1.0" encoding="UTF-8"?>
<testsuite xmlns:xsi="http://www.w3.org/2001/XMLSchema-instance" xsi:noNamespaceSchemaLocation="https://maven.apache.org/surefire/maven-surefire-plugin/xsd/surefire-test-report-3.0.xsd" version="3.0" name="TestSuite" time="444.862" tests="15" errors="0" skipped="0" failures="4">
  <properties>
[...]
</properties>
  <testcase name="testInvalidLogin" classname="mcpdemo.tests.OrangehrmETE" time="15.879">
    <system-out><![CDATA[Launched browser: chromium
Starting test: Invalid Login
Navigating to OrangeHRM login page: https://opensource-demo.orangehrmlive.com/web/index.php/auth/login
Entering invalid credentials
Verifying error message is displayed
Invalid login test passed successfully.
]]></system-out>
    <system-err><![CDATA[SLF4J: Failed to load class "org.slf4j.impl.StaticLoggerBinder".
SLF4J: Defaulting to no-operation (NOP) logger implementation
SLF4J: See http://www.slf4j.org/codes.html#StaticLoggerBinder for further details.
]]></system-err>
  </testcase>
  <testcase name="testInvalidLogin" classname="mcpdemo.tests.OrangehrmETE" time="13.695">
    <system-out><![CDATA[Launched browser: firefox
Starting test: Invalid Login
Navigating to OrangeHRM login page: https://opensource-demo.orangehrmlive.com/web/index.php/auth/login
Entering invalid credentials
Verifying error message is displayed
Invalid login test passed successfully.
]]></system-out>
  </testcase>
  <testcase name="testInvalidLogin" classname="mcpdemo.tests.OrangehrmETE" time="14.401">
    <system-out><![CDATA[Launched browser: webkit
Starting test: Invalid Login
Navigating to OrangeHRM login page: https://opensource-demo.orangehrmlive.com/web/index.php/auth/login
Entering invalid credentials
Verifying error message is displayed
Invalid login test passed successfully.
]]></system-out>
  </testcase>
  <testcase name="testValidLogin" classname="mcpdemo.tests.OrangehrmETE" time="13.547">
    <system-out><![CDATA[Launched browser: chromium
Starting test: Valid Login
Navigating to OrangeHRM login page
Entering valid credentials
Verifying redirection to dashboard
Verifying Dashboard heading is visible
Valid login test passed successfully.
]]></system-out>
  </testcase>
  <testcase name="testValidLogin" classname="mcpdemo.tests.OrangehrmETE" time="13.56">
    <system-out><![CDATA[Launched browser: firefox
Starting test: Valid Login
Navigating to OrangeHRM login page
Entering valid credentials
Verifying redirection to dashboard
Verifying Dashboard heading is visible
Valid login test passed successfully.
]]></system-out>
  </testcase>
  <testcase name="testValidLogin" classname="mcpdemo.tests.OrangehrmETE" time="16.346">
    <system-out><![CDATA[Launched browser: webkit
Starting test: Valid Login
Navigating to OrangeHRM login page
Entering valid credentials
Verifying redirection to dashboard
Verifying Dashboard heading is visible
Valid login test passed successfully.
]]></system-out>
  </testcase>
  <testcase name="testNavigateToAdmin" classname="mcpdemo.tests.OrangehrmETE" time="12.452">
    <system-out><![CDATA[Launched browser: chromium
Starting test: Navigate to Admin
Logging in as Admin
Clicking on Admin module from sidebar
Verifying Admin page is fully loaded
Navigate to Admin test passed successfully.
]]></system-out>
  </testcase>
  <testcase name="testNavigateToAdmin" classname="mcpdemo.tests.OrangehrmETE" time="14.748">
    <system-out><![CDATA[Launched browser: firefox
Starting test: Navigate to Admin
Logging in as Admin
Clicking on Admin module from sidebar
Verifying Admin page is fully loaded
Navigate to Admin test passed successfully.
]]></system-out>
  </testcase>
  <testcase name="testNavigateToAdmin" classname="mcpdemo.tests.OrangehrmETE" time="26.496">
    <system-out><![CDATA[Launched browser: webkit
Starting test: Navigate to Admin
Logging in as Admin
Clicking on Admin module from sidebar
Verifying Admin page is fully loaded
Navigate to Admin test passed successfully.
]]></system-out>
  </testcase>
  <testcase name="testAddNewUser" classname="mcpdemo.tests.OrangehrmETE" time="29.328">
    <failure message="Error {&#10;  message=&apos;Error: strict mode violation: locator(&quot;.oxd-toast-content-text&quot;) resolved to 2 elements:&#10;    1) &lt;p data-v-7b563373=&quot;&quot; data-v-35c8fe09=&quot;&quot; class=&quot;oxd…&gt;Success&lt;/p&gt; aka getByText(&quot;Success&quot;, new Page.GetByTextOptions().setExact(true))&#10;    2) &lt;p data-v-7b563373=&quot;&quot; data-v-35c8fe09=&quot;&quot; class=&quot;oxd…&gt;Successfully Saved&lt;/p&gt; aka getByText(&quot;Successfully Saved&quot;)&#10;&#10;  name=&apos;Error&#10;  stack=&apos;Error: Error: strict mode violation: locator(&quot;.oxd-toast-content-text&quot;) resolved to 2 elements:&#10;    1) &lt;p data-v-7b563373=&quot;&quot; data-v-35c8fe09=&quot;&quot; class=&quot;oxd…&gt;Success&lt;/p&gt; aka getByText(&quot;Success&quot;, new Page.GetByTextOptions().setExact(true))&#10;    2) &lt;p data-v-7b563373=&quot;&quot; data-v-35c8fe09=&quot;&quot; class=&quot;oxd…&gt;Successfully Saved&lt;/p&gt; aka getByText(&quot;Successfully Saved&quot;)&#10;&#10;    at CRExecutionContext.evaluateWithArguments (C:\Users\Anant\AppData\Local\Temp\playwright-java-11858820416556428511\package\lib\server\chromium\crExecutionContext.js:92:33)&#10;    at async LongStandingScope._race (C:\Users\Anant\AppData\Local\Temp\playwright-java-11858820416556428511\package\lib\utils\manualPromise.js:96:14)&#10;    at async evaluateExpression (C:\Users\Anant\AppData\Local\Temp\playwright-java-11858820416556428511\package\lib\server\javascript.js:241:12)&#10;    at async C:\Users\Anant\AppData\Local\Temp\playwright-java-11858820416556428511\package\lib\server\frames.js:1409:13&#10;    at async Frame.retryWithProgressAndTimeouts (C:\Users\Anant\AppData\Local\Temp\playwright-java-11858820416556428511\package\lib\server\frames.js:912:24)&#10;    at async ProgressController.run (C:\Users\Anant\AppData\Local\Temp\playwright-java-11858820416556428511\package\lib\server\progress.js:91:22)&#10;    at async FrameDispatcher.textContent (C:\Users\Anant\AppData\Local\Temp\playwright-java-11858820416556428511\package\lib\server\dispatchers\frameDispatcher.js:173:19)&#10;    at async LongStandingScope._race (C:\Users\Anant\AppData\Local\Temp\playwright-java-11858820416556428511\package\lib\utils\manualPromise.js:96:14)&#10;    at async FrameDispatcher._handleCommand (C:\Users\Anant\AppData\Local\Temp\playwright-java-11858820416556428511\package\lib\server\dispatchers\dispatcher.js:86:14)&#10;    at async DispatcherConnection.dispatch (C:\Users\Anant\AppData\Local\Temp\playwright-java-11858820416556428511\package\lib\server\dispatchers\dispatcher.js:351:22)&#10;}&#10;Call log:&#10;- waiting for locator(&quot;.oxd-toast-content-text&quot;)&#10;" type="com.microsoft.playwright.PlaywrightException"><![CDATA[com.microsoft.playwright.PlaywrightException: 
Error {
  message='Error: strict mode violation: locator(".oxd-toast-content-text") resolved to 2 elements:
    1) <p data-v-7b563373="" data-v-35c8fe09="" class="oxd…>Success</p> aka getByText("Success", new Page.GetByTextOptions().setExact(true))
    2) <p data-v-7b563373="" data-v-35c8fe09="" class="oxd…>Successfully Saved</p> aka getByText("Successfully Saved")

  name='Error
  stack='Error: Error: strict mode violation: locator(".oxd-toast-content-text") resolved to 2 elements:
    1) <p data-v-7b563373="" data-v-35c8fe09="" class="oxd…>Success</p> aka getByText("Success", new Page.GetByTextOptions().setExact(true))
    2) <p data-v-7b563373="" data-v-35c8fe09="" class="oxd…>Successfully Saved</p> aka getByText("Successfully Saved")

    at CRExecutionContext.evaluateWithArguments (C:\Users\Anant\AppData\Local\Temp\playwright-java-11858820416556428511\package\lib\server\chromium\crExecutionContext.js:92:33)
    at async LongStandingScope._race (C:\Users\Anant\AppData\Local\Temp\playwright-java-11858820416556428511\package\lib\utils\manualPromise.js:96:14)
    at async evaluateExpression (C:\Users\Anant\AppData\Local\Temp\playwright-java-11858820416556428511\package\lib\server\javascript.js:241:12)
    at async C:\Users\Anant\AppData\Local\Temp\playwright-java-11858820416556428511\package\lib\server\frames.js:1409:13
    at async Frame.retryWithProgressAndTimeouts (C:\Users\Anant\AppData\Local\Temp\playwright-java-11858820416556428511\package\lib\server\frames.js:912:24)
    at async ProgressController.run (C:\Users\Anant\AppData\Local\Temp\playwright-java-11858820416556428511\package\lib\server\progress.js:91:22)
    at async FrameDispatcher.textContent (C:\Users\Anant\AppData\Local\Temp\playwright-java-11858820416556428511\package\lib\server\dispatchers\frameDispatcher.js:173:19)
    at async LongStandingScope._race (C:\Users\Anant\AppData\Local\Temp\playwright-java-11858820416556428511\package\lib\utils\manualPromise.js:96:14)
    at async FrameDispatcher._handleCommand (C:\Users\Anant\AppData\Local\Temp\playwright-java-11858820416556428511\package\lib\server\dispatchers\dispatcher.js:86:14)
    at async DispatcherConnection.dispatch (C:\Users\Anant\AppData\Local\Temp\playwright-java-11858820416556428511\package\lib\server\dispatchers\dispatcher.js:351:22)
}
Call log:
- waiting for locator(".oxd-toast-content-text")

	at com.microsoft.playwright.impl.WaitableResult.get(WaitableResult.java:54)
	at com.microsoft.playwright.impl.ChannelOwner.runUntil(ChannelOwner.java:120)
	at com.microsoft.playwright.impl.Connection.sendMessage(Connection.java:129)
	at com.microsoft.playwright.impl.ChannelOwner.sendMessage(ChannelOwner.java:106)
	at com.microsoft.playwright.impl.FrameImpl.textContentImpl(FrameImpl.java:818)
	at com.microsoft.playwright.impl.FrameImpl.lambda$textContent$38(FrameImpl.java:809)
	at com.microsoft.playwright.impl.LoggingSupport.withLogging(LoggingSupport.java:47)
	at com.microsoft.playwright.impl.ChannelOwner.withLogging(ChannelOwner.java:89)
	at com.microsoft.playwright.impl.FrameImpl.textContent(FrameImpl.java:809)
	at com.microsoft.playwright.impl.LocatorImpl.textContent(LocatorImpl.java:566)
	at com.microsoft.playwright.Locator.textContent(Locator.java:5051)
	at mcpdemo.pages.AdminPage.getSuccessNotification(AdminPage.java:100)
	at mcpdemo.tests.OrangehrmETE.testAddNewUser(OrangehrmETE.java:133)
	at java.base/jdk.internal.reflect.DirectMethodHandleAccessor.invoke(DirectMethodHandleAccessor.java:104)
	at java.base/java.lang.reflect.Method.invoke(Method.java:565)
	at org.testng.internal.invokers.MethodInvocationHelper.invokeMethod(MethodInvocationHelper.java:139)
	at org.testng.internal.invokers.TestInvoker.invokeMethod(TestInvoker.java:664)
	at org.testng.internal.invokers.TestInvoker.invokeTestMethod(TestInvoker.java:228)
	at org.testng.internal.invokers.MethodRunner.runInSequence(MethodRunner.java:63)
	at org.testng.internal.invokers.TestInvoker$MethodInvocationAgent.invoke(TestInvoker.java:961)
	at org.testng.internal.invokers.TestInvoker.invokeTestMethods(TestInvoker.java:201)
	at org.testng.internal.invokers.TestMethodWorker.invokeTestMethods(TestMethodWorker.java:148)
	at org.testng.internal.invokers.TestMethodWorker.run(TestMethodWorker.java:128)
	at java.base/java.util.concurrent.Executors$RunnableAdapter.call(Executors.java:545)
	at java.base/java.util.concurrent.FutureTask.run(FutureTask.java:328)
	at org.testng.internal.thread.graph.TestNGFutureTask.run(TestNGFutureTask.java:22)
	at java.base/java.util.concurrent.ThreadPoolExecutor.runWorker(ThreadPoolExecutor.java:1090)
	at java.base/java.util.concurrent.ThreadPoolExecutor$Worker.run(ThreadPoolExecutor.java:614)
	at java.base/java.lang.Thread.run(Thread.java:1474)
Caused by: com.microsoft.playwright.impl.DriverException: Error {
  message='Error: strict mode violation: locator(".oxd-toast-content-text") resolved to 2 elements:
    1) <p data-v-7b563373="" data-v-35c8fe09="" class="oxd…>Success</p> aka getByText("Success", new Page.GetByTextOptions().setExact(true))
    2) <p data-v-7b563373="" data-v-35c8fe09="" class="oxd…>Successfully Saved</p> aka getByText("Successfully Saved")

  name='Error
  stack='Error: Error: strict mode violation: locator(".oxd-toast-content-text") resolved to 2 elements:
    1) <p data-v-7b563373="" data-v-35c8fe09="" class="oxd…>Success</p> aka getByText("Success", new Page.GetByTextOptions().setExact(true))
    2) <p data-v-7b563373="" data-v-35c8fe09="" class="oxd…>Successfully Saved</p> aka getByText("Successfully Saved")

    at CRExecutionContext.evaluateWithArguments (C:\Users\Anant\AppData\Local\Temp\playwright-java-11858820416556428511\package\lib\server\chromium\crExecutionContext.js:92:33)
    at async LongStandingScope._race (C:\Users\Anant\AppData\Local\Temp\playwright-java-11858820416556428511\package\lib\utils\manualPromise.js:96:14)
    at async evaluateExpression (C:\Users\Anant\AppData\Local\Temp\playwright-java-11858820416556428511\package\lib\server\javascript.js:241:12)
    at async C:\Users\Anant\AppData\Local\Temp\playwright-java-11858820416556428511\package\lib\server\frames.js:1409:13
    at async Frame.retryWithProgressAndTimeouts (C:\Users\Anant\AppData\Local\Temp\playwright-java-11858820416556428511\package\lib\server\frames.js:912:24)
    at async ProgressController.run (C:\Users\Anant\AppData\Local\Temp\playwright-java-11858820416556428511\package\lib\server\progress.js:91:22)
    at async FrameDispatcher.textContent (C:\Users\Anant\AppData\Local\Temp\playwright-java-11858820416556428511\package\lib\server\dispatchers\frameDispatcher.js:173:19)
    at async LongStandingScope._race (C:\Users\Anant\AppData\Local\Temp\playwright-java-11858820416556428511\package\lib\utils\manualPromise.js:96:14)
    at async FrameDispatcher._handleCommand (C:\Users\Anant\AppData\Local\Temp\playwright-java-11858820416556428511\package\lib\server\dispatchers\dispatcher.js:86:14)
    at async DispatcherConnection.dispatch (C:\Users\Anant\AppData\Local\Temp\playwright-java-11858820416556428511\package\lib\server\dispatchers\dispatcher.js:351:22)
}
Call log:
- waiting for locator(".oxd-toast-content-text")

	at com.microsoft.playwright.impl.Connection.dispatch(Connection.java:257)
	at com.microsoft.playwright.impl.Connection.processOneMessage(Connection.java:209)
	at com.microsoft.playwright.impl.ChannelOwner.runUntil(ChannelOwner.java:118)
	... 27 more
]]></failure>
    <system-out><![CDATA[Launched browser: chromium
Starting test: Add New User
Logging in as Admin
Navigating to Admin module
Clicking Add button
Adding a new user with generated unique username: Johner1778590322586
Verifying 'Successfully Saved' toast notification
]]></system-out>
  </testcase>
  <testcase name="testAddNewUser" classname="mcpdemo.tests.OrangehrmETE" time="31.276">
    <failure message="Error {&#10;  message=&apos;Error: strict mode violation: locator(&quot;.oxd-toast-content-text&quot;) resolved to 2 elements:&#10;    1) &lt;p data-v-7b563373=&quot;&quot; data-v-35c8fe09=&quot;&quot; class=&quot;oxd…&gt;Success&lt;/p&gt; aka getByText(&quot;Success&quot;, new Page.GetByTextOptions().setExact(true))&#10;    2) &lt;p data-v-7b563373=&quot;&quot; data-v-35c8fe09=&quot;&quot; class=&quot;oxd…&gt;Successfully Saved&lt;/p&gt; aka getByText(&quot;Successfully Saved&quot;)&#10;&#10;  name=&apos;Error&#10;  stack=&apos;Error: Error: strict mode violation: locator(&quot;.oxd-toast-content-text&quot;) resolved to 2 elements:&#10;    1) &lt;p data-v-7b563373=&quot;&quot; data-v-35c8fe09=&quot;&quot; class=&quot;oxd…&gt;Success&lt;/p&gt; aka getByText(&quot;Success&quot;, new Page.GetByTextOptions().setExact(true))&#10;    2) &lt;p data-v-7b563373=&quot;&quot; data-v-35c8fe09=&quot;&quot; class=&quot;oxd…&gt;Successfully Saved&lt;/p&gt; aka getByText(&quot;Successfully Saved&quot;)&#10;&#10;    at checkException (C:\Users\Anant\AppData\Local\Temp\playwright-java-11858820416556428511\package\lib\server\firefox\ffExecutionContext.js:111:121)&#10;    at FFExecutionContext.evaluateWithArguments (C:\Users\Anant\AppData\Local\Temp\playwright-java-11858820416556428511\package\lib\server\firefox\ffExecutionContext.js:82:5)&#10;    at async LongStandingScope._race (C:\Users\Anant\AppData\Local\Temp\playwright-java-11858820416556428511\package\lib\utils\manualPromise.js:96:14)&#10;    at async evaluateExpression (C:\Users\Anant\AppData\Local\Temp\playwright-java-11858820416556428511\package\lib\server\javascript.js:241:12)&#10;    at async C:\Users\Anant\AppData\Local\Temp\playwright-java-11858820416556428511\package\lib\server\frames.js:1409:13&#10;    at async Frame.retryWithProgressAndTimeouts (C:\Users\Anant\AppData\Local\Temp\playwright-java-11858820416556428511\package\lib\server\frames.js:912:24)&#10;    at async ProgressController.run (C:\Users\Anant\AppData\Local\Temp\playwright-java-11858820416556428511\package\lib\server\progress.js:91:22)&#10;    at async FrameDispatcher.textContent (C:\Users\Anant\AppData\Local\Temp\playwright-java-11858820416556428511\package\lib\server\dispatchers\frameDispatcher.js:173:19)&#10;    at async LongStandingScope._race (C:\Users\Anant\AppData\Local\Temp\playwright-java-11858820416556428511\package\lib\utils\manualPromise.js:96:14)&#10;    at async FrameDispatcher._handleCommand (C:\Users\Anant\AppData\Local\Temp\playwright-java-11858820416556428511\package\lib\server\dispatchers\dispatcher.js:86:14)&#10;}&#10;Call log:&#10;- waiting for locator(&quot;.oxd-toast-content-text&quot;)&#10;" type="com.microsoft.playwright.PlaywrightException"><![CDATA[com.microsoft.playwright.PlaywrightException: 
Error {
  message='Error: strict mode violation: locator(".oxd-toast-content-text") resolved to 2 elements:
    1) <p data-v-7b563373="" data-v-35c8fe09="" class="oxd…>Success</p> aka getByText("Success", new Page.GetByTextOptions().setExact(true))
    2) <p data-v-7b563373="" data-v-35c8fe09="" class="oxd…>Successfully Saved</p> aka getByText("Successfully Saved")

  name='Error
  stack='Error: Error: strict mode violation: locator(".oxd-toast-content-text") resolved to 2 elements:
    1) <p data-v-7b563373="" data-v-35c8fe09="" class="oxd…>Success</p> aka getByText("Success", new Page.GetByTextOptions().setExact(true))
    2) <p data-v-7b563373="" data-v-35c8fe09="" class="oxd…>Successfully Saved</p> aka getByText("Successfully Saved")

    at checkException (C:\Users\Anant\AppData\Local\Temp\playwright-java-11858820416556428511\package\lib\server\firefox\ffExecutionContext.js:111:121)
    at FFExecutionContext.evaluateWithArguments (C:\Users\Anant\AppData\Local\Temp\playwright-java-11858820416556428511\package\lib\server\firefox\ffExecutionContext.js:82:5)
    at async LongStandingScope._race (C:\Users\Anant\AppData\Local\Temp\playwright-java-11858820416556428511\package\lib\utils\manualPromise.js:96:14)
    at async evaluateExpression (C:\Users\Anant\AppData\Local\Temp\playwright-java-11858820416556428511\package\lib\server\javascript.js:241:12)
    at async C:\Users\Anant\AppData\Local\Temp\playwright-java-11858820416556428511\package\lib\server\frames.js:1409:13
    at async Frame.retryWithProgressAndTimeouts (C:\Users\Anant\AppData\Local\Temp\playwright-java-11858820416556428511\package\lib\server\frames.js:912:24)
    at async ProgressController.run (C:\Users\Anant\AppData\Local\Temp\playwright-java-11858820416556428511\package\lib\server\progress.js:91:22)
    at async FrameDispatcher.textContent (C:\Users\Anant\AppData\Local\Temp\playwright-java-11858820416556428511\package\lib\server\dispatchers\frameDispatcher.js:173:19)
    at async LongStandingScope._race (C:\Users\Anant\AppData\Local\Temp\playwright-java-11858820416556428511\package\lib\utils\manualPromise.js:96:14)
    at async FrameDispatcher._handleCommand (C:\Users\Anant\AppData\Local\Temp\playwright-java-11858820416556428511\package\lib\server\dispatchers\dispatcher.js:86:14)
}
Call log:
- waiting for locator(".oxd-toast-content-text")

	at com.microsoft.playwright.impl.WaitableResult.get(WaitableResult.java:54)
	at com.microsoft.playwright.impl.ChannelOwner.runUntil(ChannelOwner.java:120)
	at com.microsoft.playwright.impl.Connection.sendMessage(Connection.java:129)
	at com.microsoft.playwright.impl.ChannelOwner.sendMessage(ChannelOwner.java:106)
	at com.microsoft.playwright.impl.FrameImpl.textContentImpl(FrameImpl.java:818)
	at com.microsoft.playwright.impl.FrameImpl.lambda$textContent$38(FrameImpl.java:809)
	at com.microsoft.playwright.impl.LoggingSupport.withLogging(LoggingSupport.java:47)
	at com.microsoft.playwright.impl.ChannelOwner.withLogging(ChannelOwner.java:89)
	at com.microsoft.playwright.impl.FrameImpl.textContent(FrameImpl.java:809)
	at com.microsoft.playwright.impl.LocatorImpl.textContent(LocatorImpl.java:566)
	at com.microsoft.playwright.Locator.textContent(Locator.java:5051)
	at mcpdemo.pages.AdminPage.getSuccessNotification(AdminPage.java:100)
	at mcpdemo.tests.OrangehrmETE.testAddNewUser(OrangehrmETE.java:133)
	at java.base/jdk.internal.reflect.DirectMethodHandleAccessor.invoke(DirectMethodHandleAccessor.java:104)
	at java.base/java.lang.reflect.Method.invoke(Method.java:565)
	at org.testng.internal.invokers.MethodInvocationHelper.invokeMethod(MethodInvocationHelper.java:139)
	at org.testng.internal.invokers.TestInvoker.invokeMethod(TestInvoker.java:664)
	at org.testng.internal.invokers.TestInvoker.invokeTestMethod(TestInvoker.java:228)
	at org.testng.internal.invokers.MethodRunner.runInSequence(MethodRunner.java:63)
	at org.testng.internal.invokers.TestInvoker$MethodInvocationAgent.invoke(TestInvoker.java:961)
	at org.testng.internal.invokers.TestInvoker.invokeTestMethods(TestInvoker.java:201)
	at org.testng.internal.invokers.TestMethodWorker.invokeTestMethods(TestMethodWorker.java:148)
	at org.testng.internal.invokers.TestMethodWorker.run(TestMethodWorker.java:128)
	at java.base/java.util.concurrent.Executors$RunnableAdapter.call(Executors.java:545)
	at java.base/java.util.concurrent.FutureTask.run(FutureTask.java:328)
	at org.testng.internal.thread.graph.TestNGFutureTask.run(TestNGFutureTask.java:22)
	at java.base/java.util.concurrent.ThreadPoolExecutor.runWorker(ThreadPoolExecutor.java:1090)
	at java.base/java.util.concurrent.ThreadPoolExecutor$Worker.run(ThreadPoolExecutor.java:614)
	at java.base/java.lang.Thread.run(Thread.java:1474)
Caused by: com.microsoft.playwright.impl.DriverException: Error {
  message='Error: strict mode violation: locator(".oxd-toast-content-text") resolved to 2 elements:
    1) <p data-v-7b563373="" data-v-35c8fe09="" class="oxd…>Success</p> aka getByText("Success", new Page.GetByTextOptions().setExact(true))
    2) <p data-v-7b563373="" data-v-35c8fe09="" class="oxd…>Successfully Saved</p> aka getByText("Successfully Saved")

  name='Error
  stack='Error: Error: strict mode violation: locator(".oxd-toast-content-text") resolved to 2 elements:
    1) <p data-v-7b563373="" data-v-35c8fe09="" class="oxd…>Success</p> aka getByText("Success", new Page.GetByTextOptions().setExact(true))
    2) <p data-v-7b563373="" data-v-35c8fe09="" class="oxd…>Successfully Saved</p> aka getByText("Successfully Saved")

    at checkException (C:\Users\Anant\AppData\Local\Temp\playwright-java-11858820416556428511\package\lib\server\firefox\ffExecutionContext.js:111:121)
    at FFExecutionContext.evaluateWithArguments (C:\Users\Anant\AppData\Local\Temp\playwright-java-11858820416556428511\package\lib\server\firefox\ffExecutionContext.js:82:5)
    at async LongStandingScope._race (C:\Users\Anant\AppData\Local\Temp\playwright-java-11858820416556428511\package\lib\utils\manualPromise.js:96:14)
    at async evaluateExpression (C:\Users\Anant\AppData\Local\Temp\playwright-java-11858820416556428511\package\lib\server\javascript.js:241:12)
    at async C:\Users\Anant\AppData\Local\Temp\playwright-java-11858820416556428511\package\lib\server\frames.js:1409:13
    at async Frame.retryWithProgressAndTimeouts (C:\Users\Anant\AppData\Local\Temp\playwright-java-11858820416556428511\package\lib\server\frames.js:912:24)
    at async ProgressController.run (C:\Users\Anant\AppData\Local\Temp\playwright-java-11858820416556428511\package\lib\server\progress.js:91:22)
    at async FrameDispatcher.textContent (C:\Users\Anant\AppData\Local\Temp\playwright-java-11858820416556428511\package\lib\server\dispatchers\frameDispatcher.js:173:19)
    at async LongStandingScope._race (C:\Users\Anant\AppData\Local\Temp\playwright-java-11858820416556428511\package\lib\utils\manualPromise.js:96:14)
    at async FrameDispatcher._handleCommand (C:\Users\Anant\AppData\Local\Temp\playwright-java-11858820416556428511\package\lib\server\dispatchers\dispatcher.js:86:14)
}
Call log:
- waiting for locator(".oxd-toast-content-text")

	at com.microsoft.playwright.impl.Connection.dispatch(Connection.java:257)
	at com.microsoft.playwright.impl.Connection.processOneMessage(Connection.java:209)
	at com.microsoft.playwright.impl.ChannelOwner.runUntil(ChannelOwner.java:118)
	... 27 more
]]></failure>
    <system-out><![CDATA[Launched browser: firefox
Starting test: Add New User
Logging in as Admin
Navigating to Admin module
Clicking Add button
Adding a new user with generated unique username: Johner1778590428378
Verifying 'Successfully Saved' toast notification
]]></system-out>
  </testcase>
  <testcase name="testAddNewUser" classname="mcpdemo.tests.OrangehrmETE" time="64.918">
    <failure message="Success notification should be displayed expected [true] but found [false]" type="java.lang.AssertionError"><![CDATA[java.lang.AssertionError: Success notification should be displayed expected [true] but found [false]
	at org.testng.Assert.fail(Assert.java:111)
	at org.testng.Assert.failNotEquals(Assert.java:1578)
	at org.testng.Assert.assertTrue(Assert.java:57)
	at mcpdemo.tests.OrangehrmETE.testAddNewUser(OrangehrmETE.java:132)
	at java.base/jdk.internal.reflect.DirectMethodHandleAccessor.invoke(DirectMethodHandleAccessor.java:104)
	at java.base/java.lang.reflect.Method.invoke(Method.java:565)
	at org.testng.internal.invokers.MethodInvocationHelper.invokeMethod(MethodInvocationHelper.java:139)
	at org.testng.internal.invokers.TestInvoker.invokeMethod(TestInvoker.java:664)
	at org.testng.internal.invokers.TestInvoker.invokeTestMethod(TestInvoker.java:228)
	at org.testng.internal.invokers.MethodRunner.runInSequence(MethodRunner.java:63)
	at org.testng.internal.invokers.TestInvoker$MethodInvocationAgent.invoke(TestInvoker.java:961)
	at org.testng.internal.invokers.TestInvoker.invokeTestMethods(TestInvoker.java:201)
	at org.testng.internal.invokers.TestMethodWorker.invokeTestMethods(TestMethodWorker.java:148)
	at org.testng.internal.invokers.TestMethodWorker.run(TestMethodWorker.java:128)
	at java.base/java.util.concurrent.Executors$RunnableAdapter.call(Executors.java:545)
	at java.base/java.util.concurrent.FutureTask.run(FutureTask.java:328)
	at org.testng.internal.thread.graph.TestNGFutureTask.run(TestNGFutureTask.java:22)
	at java.base/java.util.concurrent.ThreadPoolExecutor.runWorker(ThreadPoolExecutor.java:1090)
	at java.base/java.util.concurrent.ThreadPoolExecutor$Worker.run(ThreadPoolExecutor.java:614)
	at java.base/java.lang.Thread.run(Thread.java:1474)
]]></failure>
    <system-out><![CDATA[Launched browser: webkit
Starting test: Add New User
Logging in as Admin
Navigating to Admin module
Clicking Add button
Adding a new user with generated unique username: Johner1778590571210
Verifying 'Successfully Saved' toast notification
]]></system-out>
  </testcase>
  <testcase name="testLogout" classname="mcpdemo.tests.OrangehrmETE" time="13.821">
    <system-out><![CDATA[Launched browser: chromium
Starting test: Logout
Logging in as Admin
Clicking on logout button
Verifying redirection back to login page
Logout test passed successfully.
]]></system-out>
  </testcase>
  <testcase name="testLogout" classname="mcpdemo.tests.OrangehrmETE" time="17.837">
    <system-out><![CDATA[Launched browser: firefox
Starting test: Logout
Logging in as Admin
Clicking on logout button
Verifying redirection back to login page
Logout test passed successfully.
]]></system-out>
  </testcase>
  <testcase name="testLogout" classname="mcpdemo.tests.OrangehrmETE" time="79.268">
    <failure message="Error {&#10;  message=&apos;Timeout 30000ms exceeded.&#10;  name=&apos;TimeoutError&#10;  stack=&apos;TimeoutError: Timeout 30000ms exceeded.&#10;    at ProgressController.run (C:\Users\Anant\AppData\Local\Temp\playwright-java-11858820416556428511\package\lib\server\progress.js:87:26)&#10;    at Frame.click (C:\Users\Anant\AppData\Local\Temp\playwright-java-11858820416556428511\package\lib\server\frames.js:995:23)&#10;    at FrameDispatcher.click (C:\Users\Anant\AppData\Local\Temp\playwright-java-11858820416556428511\package\lib\server\dispatchers\frameDispatcher.js:152:30)&#10;    at FrameDispatcher._handleCommand (C:\Users\Anant\AppData\Local\Temp\playwright-java-11858820416556428511\package\lib\server\dispatchers\dispatcher.js:84:40)&#10;    at DispatcherConnection.dispatch (C:\Users\Anant\AppData\Local\Temp\playwright-java-11858820416556428511\package\lib\server\dispatchers\dispatcher.js:351:39)&#10;}&#10;Call log:&#10;- waiting for locator(&quot;a[href*=&apos;logout&apos;]&quot;)&#10;-   locator resolved to &lt;a role=&quot;menuitem&quot; class=&quot;oxd-userdropdown-link&quot; hr…&gt;Logout&lt;/a&gt;&#10;- attempting click action&#10;-   waiting for element to be visible, enabled and stable&#10;-     element is not stable - waiting...&#10;-   element is visible, enabled and stable&#10;-   scrolling into view if needed&#10;-   done scrolling&#10;-   performing click action&#10;-   click action done&#10;-   waiting for scheduled navigations to finish&#10;" type="com.microsoft.playwright.TimeoutError"><![CDATA[com.microsoft.playwright.TimeoutError: 
Error {
  message='Timeout 30000ms exceeded.
  name='TimeoutError
  stack='TimeoutError: Timeout 30000ms exceeded.
    at ProgressController.run (C:\Users\Anant\AppData\Local\Temp\playwright-java-11858820416556428511\package\lib\server\progress.js:87:26)
    at Frame.click (C:\Users\Anant\AppData\Local\Temp\playwright-java-11858820416556428511\package\lib\server\frames.js:995:23)
    at FrameDispatcher.click (C:\Users\Anant\AppData\Local\Temp\playwright-java-11858820416556428511\package\lib\server\dispatchers\frameDispatcher.js:152:30)
    at FrameDispatcher._handleCommand (C:\Users\Anant\AppData\Local\Temp\playwright-java-11858820416556428511\package\lib\server\dispatchers\dispatcher.js:84:40)
    at DispatcherConnection.dispatch (C:\Users\Anant\AppData\Local\Temp\playwright-java-11858820416556428511\package\lib\server\dispatchers\dispatcher.js:351:39)
}
Call log:
- waiting for locator("a[href*='logout']")
-   locator resolved to <a role="menuitem" class="oxd-userdropdown-link" hr…>Logout</a>
- attempting click action
-   waiting for element to be visible, enabled and stable
-     element is not stable - waiting...
-   element is visible, enabled and stable
-   scrolling into view if needed
-   done scrolling
-   performing click action
-   click action done
-   waiting for scheduled navigations to finish

	at com.microsoft.playwright.impl.WaitableResult.get(WaitableResult.java:52)
	at com.microsoft.playwright.impl.ChannelOwner.runUntil(ChannelOwner.java:120)
	at com.microsoft.playwright.impl.Connection.sendMessage(Connection.java:129)
	at com.microsoft.playwright.impl.ChannelOwner.sendMessage(ChannelOwner.java:106)
	at com.microsoft.playwright.impl.FrameImpl.clickImpl(FrameImpl.java:252)
	at com.microsoft.playwright.impl.FrameImpl.lambda$click$8(FrameImpl.java:243)
	at com.microsoft.playwright.impl.LoggingSupport.lambda$withLogging$0(LoggingSupport.java:36)
	at com.microsoft.playwright.impl.LoggingSupport.withLogging(LoggingSupport.java:47)
	at com.microsoft.playwright.impl.ChannelOwner.withLogging(ChannelOwner.java:89)
	at com.microsoft.playwright.impl.LoggingSupport.withLogging(LoggingSupport.java:35)
	at com.microsoft.playwright.impl.FrameImpl.click(FrameImpl.java:243)
	at com.microsoft.playwright.impl.LocatorImpl.click(LocatorImpl.java:140)
	at com.microsoft.playwright.Locator.click(Locator.java:2348)
	at mcpdemo.pages.DashboardPage.clickLogout(DashboardPage.java:49)
	at mcpdemo.pages.DashboardPage.logout(DashboardPage.java:60)
	at mcpdemo.tests.OrangehrmETE.testLogout(OrangehrmETE.java:146)
	at java.base/jdk.internal.reflect.DirectMethodHandleAccessor.invoke(DirectMethodHandleAccessor.java:104)
	at java.base/java.lang.reflect.Method.invoke(Method.java:565)
	at org.testng.internal.invokers.MethodInvocationHelper.invokeMethod(MethodInvocationHelper.java:139)
	at org.testng.internal.invokers.TestInvoker.invokeMethod(TestInvoker.java:664)
	at org.testng.internal.invokers.TestInvoker.invokeTestMethod(TestInvoker.java:228)
	at org.testng.internal.invokers.MethodRunner.runInSequence(MethodRunner.java:63)
	at org.testng.internal.invokers.TestInvoker$MethodInvocationAgent.invoke(TestInvoker.java:961)
	at org.testng.internal.invokers.TestInvoker.invokeTestMethods(TestInvoker.java:201)
	at org.testng.internal.invokers.TestMethodWorker.invokeTestMethods(TestMethodWorker.java:148)
	at org.testng.internal.invokers.TestMethodWorker.run(TestMethodWorker.java:128)
	at java.base/java.util.concurrent.Executors$RunnableAdapter.call(Executors.java:545)
	at java.base/java.util.concurrent.FutureTask.run(FutureTask.java:328)
	at org.testng.internal.thread.graph.TestNGFutureTask.run(TestNGFutureTask.java:22)
	at java.base/java.util.concurrent.ThreadPoolExecutor.runWorker(ThreadPoolExecutor.java:1090)
	at java.base/java.util.concurrent.ThreadPoolExecutor$Worker.run(ThreadPoolExecutor.java:614)
	at java.base/java.lang.Thread.run(Thread.java:1474)
Caused by: com.microsoft.playwright.TimeoutError: Error {
  message='Timeout 30000ms exceeded.
  name='TimeoutError
  stack='TimeoutError: Timeout 30000ms exceeded.
    at ProgressController.run (C:\Users\Anant\AppData\Local\Temp\playwright-java-11858820416556428511\package\lib\server\progress.js:87:26)
    at Frame.click (C:\Users\Anant\AppData\Local\Temp\playwright-java-11858820416556428511\package\lib\server\frames.js:995:23)
    at FrameDispatcher.click (C:\Users\Anant\AppData\Local\Temp\playwright-java-11858820416556428511\package\lib\server\dispatchers\frameDispatcher.js:152:30)
    at FrameDispatcher._handleCommand (C:\Users\Anant\AppData\Local\Temp\playwright-java-11858820416556428511\package\lib\server\dispatchers\dispatcher.js:84:40)
    at DispatcherConnection.dispatch (C:\Users\Anant\AppData\Local\Temp\playwright-java-11858820416556428511\package\lib\server\dispatchers\dispatcher.js:351:39)
}
Call log:
- waiting for locator("a[href*='logout']")
-   locator resolved to <a role="menuitem" class="oxd-userdropdown-link" hr…>Logout</a>
- attempting click action
-   waiting for element to be visible, enabled and stable
-     element is not stable - waiting...
-   element is visible, enabled and stable
-   scrolling into view if needed
-   done scrolling
-   performing click action
-   click action done
-   waiting for scheduled navigations to finish

	at com.microsoft.playwright.impl.Connection.dispatch(Connection.java:252)
	at com.microsoft.playwright.impl.Connection.processOneMessage(Connection.java:209)
	at com.microsoft.playwright.impl.ChannelOwner.runUntil(ChannelOwner.java:118)
	... 30 more
]]></failure>
    <system-out><![CDATA[Launched browser: webkit
Starting test: Logout
Logging in as Admin
Clicking on logout button
]]></system-out>
  </testcase>
</testsuite>